<?xml version="1.0" encoding="UTF-8"?>
<testng-results skipped="0" failed="0" ignored="0" total="2" passed="2">
  <reporter-output>
  </reporter-output>
  <suite name="Default suite" duration-ms="6299" started-at="2022-09-11T15:36:59 AST" finished-at="2022-09-11T15:37:06 AST">
    <groups>
    </groups>
    <test name="Default test" duration-ms="6299" started-at="2022-09-11T15:36:59 AST" finished-at="2022-09-11T15:37:06 AST">
      <class name="test.LoginTest">
        <test-method status="PASS" signature="setUp()[pri:0, instance:test.LoginTest@6f195bc3]" name="setUp" is-config="true" duration-ms="3035" started-at="2022-09-11T15:36:59 AST" finished-at="2022-09-11T15:37:02 AST">
          <reporter-output>
          </reporter-output>
        </test-method> <!-- setUp -->
        <test-method status="PASS" signature="InvalidLoginTest()[pri:0, instance:test.LoginTest@6f195bc3]" name="InvalidLoginTest" duration-ms="438" started-at="2022-09-11T15:37:02 AST" finished-at="2022-09-11T15:37:03 AST">
          <reporter-output>
          </reporter-output>
        </test-method> <!-- InvalidLoginTest -->
        <test-method status="PASS" signature="tearDown()[pri:0, instance:test.LoginTest@6f195bc3]" name="tearDown" is-config="true" duration-ms="156" started-at="2022-09-11T15:37:03 AST" finished-at="2022-09-11T15:37:03 AST">
          <reporter-output>
          </reporter-output>
        </test-method> <!-- tearDown -->
        <test-method status="PASS" signature="setUp()[pri:0, instance:test.LoginTest@6f195bc3]" name="setUp" is-config="true" duration-ms="2133" started-at="2022-09-11T15:37:03 AST" finished-at="2022-09-11T15:37:05 AST">
          <reporter-output>
          </reporter-output>
        </test-method> <!-- setUp -->
        <test-method status="PASS" signature="LoginValidTest()[pri:0, instance:test.LoginTest@6f195bc3]" name="LoginValidTest" duration-ms="426" started-at="2022-09-11T15:37:05 AST" finished-at="2022-09-11T15:37:06 AST">
          <reporter-output>
          </reporter-output>
        </test-method> <!-- LoginValidTest -->
        <test-method status="PASS" signature="tearDown()[pri:0, instance:test.LoginTest@6f195bc3]" name="tearDown" is-config="true" duration-ms="79" started-at="2022-09-11T15:37:06 AST" finished-at="2022-09-11T15:37:06 AST">
          <reporter-output>
          </reporter-output>
        </test-method> <!-- tearDown -->
      </class> <!-- test.LoginTest -->
    </test> <!-- Default test -->
  </suite> <!-- Default suite -->
</testng-results>
